----------------------------------------------------------------------------------------------------
UpdateContainerChildrenV1
Worst Result: 	0.00286ms
Best Result: 	0.00001ms
----------------------------------------------------------------------------------------------------
----------------------------------------------------------------------------------------------------
UpdateContainerChildrenV1
Worst Result: 	0.00028ms
Best Result: 	0.00001ms
----------------------------------------------------------------------------------------------------
----------------------------------------------------------------------------------------------------
UpdateContainerChildrenV1
Worst Result: 	0.0005ms
Best Result: 	0ms
----------------------------------------------------------------------------------------------------
----------------------------------------------------------------------------------------------------
UpdateContainerChildrenV1
Worst Result: 	0.00052ms
Best Result: 	0ms
----------------------------------------------------------------------------------------------------
----------------------------------------------------------------------------------------------------
UpdateContainerChildrenV1
Worst Result: 	0.0005ms
Best Result: 	0ms
----------------------------------------------------------------------------------------------------
----------------------------------------------------------------------------------------------------
UpdateContainerChildrenV1
Worst Result: 	0.00041ms
Best Result: 	0ms
----------------------------------------------------------------------------------------------------
----------------------------------------------------------------------------------------------------
UpdateContainerChildrenV1
Worst Result: 	0.00054ms
Best Result: 	0ms
----------------------------------------------------------------------------------------------------
----------------------------------------------------------------------------------------------------
UpdateContainerChildrenV1
Worst Result: 	0.00061ms
Best Result: 	0ms
----------------------------------------------------------------------------------------------------
----------------------------------------------------------------------------------------------------
UpdateContainerChildrenV1
Worst Result: 	0.00043ms
Best Result: 	0ms
----------------------------------------------------------------------------------------------------
----------------------------------------------------------------------------------------------------
UpdateContainerChildrenV1
Worst Result: 	0.00046ms
Best Result: 	0ms
----------------------------------------------------------------------------------------------------
----------------------------------------------------------------------------------------------------
UpdateContainerChildrenV1
Worst Result: 	0.00049ms
Best Result: 	0ms
----------------------------------------------------------------------------------------------------
----------------------------------------------------------------------------------------------------
UpdateContainerChildrenV1
Worst Result: 	0.00061ms
Best Result: 	0ms
----------------------------------------------------------------------------------------------------
----------------------------------------------------------------------------------------------------
UpdateContainerChildrenV1
Worst Result: 	0.00099ms
Best Result: 	0ms
----------------------------------------------------------------------------------------------------
----------------------------------------------------------------------------------------------------
UpdateContainerChildrenV1
Worst Result: 	0.00043ms
Best Result: 	0ms
----------------------------------------------------------------------------------------------------
----------------------------------------------------------------------------------------------------
UpdateContainerChildrenV1
Worst Result: 	0.00042ms
Best Result: 	0ms
----------------------------------------------------------------------------------------------------
----------------------------------------------------------------------------------------------------
UpdateContainerChildrenV1
Worst Result: 	0.00052ms
Best Result: 	0ms
----------------------------------------------------------------------------------------------------
----------------------------------------------------------------------------------------------------
UpdateContainerChildrenV1
Worst Result: 	0.00044ms
Best Result: 	0ms
----------------------------------------------------------------------------------------------------
----------------------------------------------------------------------------------------------------
UpdateContainerChildrenV1
Worst Result: 	0.00043ms
Best Result: 	0ms
----------------------------------------------------------------------------------------------------
----------------------------------------------------------------------------------------------------
UpdateContainerChildrenV1
Worst Result: 	0.00041ms
Best Result: 	0ms
----------------------------------------------------------------------------------------------------
----------------------------------------------------------------------------------------------------
UpdateContainerChildrenV1
Worst Result: 	0.00017ms
Best Result: 	0ms
----------------------------------------------------------------------------------------------------
----------------------------------------------------------------------------------------------------
UpdateContainerChildrenV1
Worst Result: 	0.00036ms
Best Result: 	0ms
----------------------------------------------------------------------------------------------------
----------------------------------------------------------------------------------------------------
UpdateContainerChildrenV1
Worst Result: 	0.00032ms
Best Result: 	0ms
----------------------------------------------------------------------------------------------------
----------------------------------------------------------------------------------------------------
UpdateContainerChildrenV1
Worst Result: 	0.00042ms
Best Result: 	0ms
----------------------------------------------------------------------------------------------------
----------------------------------------------------------------------------------------------------
UpdateContainerChildrenV1
Worst Result: 	0.00031ms
Best Result: 	0ms
----------------------------------------------------------------------------------------------------
----------------------------------------------------------------------------------------------------
UpdateContainerChildrenV1
Worst Result: 	0.00038ms
Best Result: 	0ms
----------------------------------------------------------------------------------------------------
----------------------------------------------------------------------------------------------------
UpdateContainerChildrenV1
Worst Result: 	0.00026ms
Best Result: 	0ms
----------------------------------------------------------------------------------------------------
----------------------------------------------------------------------------------------------------
UpdateContainerChildrenV1
Worst Result: 	0.00038ms
Best Result: 	0ms
----------------------------------------------------------------------------------------------------
----------------------------------------------------------------------------------------------------
UpdateContainerChildrenV1
Worst Result: 	0.00015ms
Best Result: 	0ms
----------------------------------------------------------------------------------------------------
----------------------------------------------------------------------------------------------------
UpdateContainerChildrenV1
Worst Result: 	0.00015ms
Best Result: 	0ms
----------------------------------------------------------------------------------------------------
----------------------------------------------------------------------------------------------------
UpdateContainerChildrenV1
Worst Result: 	0.00029ms
Best Result: 	0ms
----------------------------------------------------------------------------------------------------
----------------------------------------------------------------------------------------------------
UpdateContainerChildrenV1
Worst Result: 	0.00604ms
Best Result: 	0.00002ms
----------------------------------------------------------------------------------------------------
----------------------------------------------------------------------------------------------------
UpdateContainerChildrenV1
Worst Result: 	0.00068ms
Best Result: 	0.00001ms
----------------------------------------------------------------------------------------------------
----------------------------------------------------------------------------------------------------
UpdateContainerChildrenV1
Worst Result: 	0.00142ms
Best Result: 	0.00001ms
----------------------------------------------------------------------------------------------------
----------------------------------------------------------------------------------------------------
UpdateContainerChildrenV1
Worst Result: 	0.00067ms
Best Result: 	0.00001ms
----------------------------------------------------------------------------------------------------
----------------------------------------------------------------------------------------------------
UpdateContainerChildrenV1
Worst Result: 	0.00061ms
Best Result: 	0.00001ms
----------------------------------------------------------------------------------------------------
----------------------------------------------------------------------------------------------------
UpdateContainerChildrenV1
Worst Result: 	0.00046ms
Best Result: 	0.00001ms
----------------------------------------------------------------------------------------------------
----------------------------------------------------------------------------------------------------
UpdateContainerChildrenV1
Worst Result: 	0.00057ms
Best Result: 	0.00001ms
----------------------------------------------------------------------------------------------------
----------------------------------------------------------------------------------------------------
UpdateContainerChildrenV1
Worst Result: 	0.00069ms
Best Result: 	0.00001ms
----------------------------------------------------------------------------------------------------
----------------------------------------------------------------------------------------------------
UpdateContainerChildrenV1
Worst Result: 	0.00063ms
Best Result: 	0.00001ms
----------------------------------------------------------------------------------------------------
----------------------------------------------------------------------------------------------------
UpdateContainerChildrenV1
Worst Result: 	0.00045ms
Best Result: 	0.00001ms
----------------------------------------------------------------------------------------------------
----------------------------------------------------------------------------------------------------
UpdateContainerChildrenV1
Worst Result: 	0.00045ms
Best Result: 	0.00001ms
----------------------------------------------------------------------------------------------------
----------------------------------------------------------------------------------------------------
UpdateContainerChildrenV1
Worst Result: 	0.00052ms
Best Result: 	0.00001ms
----------------------------------------------------------------------------------------------------
----------------------------------------------------------------------------------------------------
UpdateContainerChildrenV1
Worst Result: 	0.00059ms
Best Result: 	0.00001ms
----------------------------------------------------------------------------------------------------
----------------------------------------------------------------------------------------------------
UpdateContainerChildrenV1
Worst Result: 	0.00046ms
Best Result: 	0.00001ms
----------------------------------------------------------------------------------------------------
----------------------------------------------------------------------------------------------------
UpdateContainerChildrenV1
Worst Result: 	0.00045ms
Best Result: 	0.00001ms
----------------------------------------------------------------------------------------------------
----------------------------------------------------------------------------------------------------
UpdateContainerChildrenV1
Worst Result: 	0.00062ms
Best Result: 	0.00001ms
----------------------------------------------------------------------------------------------------
----------------------------------------------------------------------------------------------------
UpdateContainerChildrenV1
Worst Result: 	0.00065ms
Best Result: 	0.00001ms
----------------------------------------------------------------------------------------------------
----------------------------------------------------------------------------------------------------
UpdateContainerChildrenV1
Worst Result: 	0.00051ms
Best Result: 	0.00001ms
----------------------------------------------------------------------------------------------------
----------------------------------------------------------------------------------------------------
UpdateContainerChildrenV1
Worst Result: 	0.00041ms
Best Result: 	0.00001ms
----------------------------------------------------------------------------------------------------
----------------------------------------------------------------------------------------------------
UpdateContainerChildrenV1
Worst Result: 	0.00046ms
Best Result: 	0.00001ms
----------------------------------------------------------------------------------------------------
----------------------------------------------------------------------------------------------------
UpdateContainerChildrenV1
Worst Result: 	0.00045ms
Best Result: 	0.00001ms
----------------------------------------------------------------------------------------------------
----------------------------------------------------------------------------------------------------
UpdateContainerChildrenV1
Worst Result: 	0.00061ms
Best Result: 	0.00001ms
----------------------------------------------------------------------------------------------------
----------------------------------------------------------------------------------------------------
UpdateContainerChildrenV1
Worst Result: 	0.00046ms
Best Result: 	0.00001ms
----------------------------------------------------------------------------------------------------
----------------------------------------------------------------------------------------------------
UpdateContainerChildrenV1
Worst Result: 	0.00038ms
Best Result: 	0.00001ms
----------------------------------------------------------------------------------------------------
----------------------------------------------------------------------------------------------------
UpdateContainerChildrenV1
Worst Result: 	0.00050ms
Best Result: 	0.00001ms
----------------------------------------------------------------------------------------------------
----------------------------------------------------------------------------------------------------
UpdateContainerChildrenV1
Worst Result: 	0.00045ms
Best Result: 	0.00001ms
----------------------------------------------------------------------------------------------------
----------------------------------------------------------------------------------------------------
UpdateContainerChildrenV1
Worst Result: 	0.00059ms
Best Result: 	0.00001ms
----------------------------------------------------------------------------------------------------
----------------------------------------------------------------------------------------------------
UpdateContainerChildrenV1
Worst Result: 	0.00033ms
Best Result: 	0.00001ms
----------------------------------------------------------------------------------------------------
----------------------------------------------------------------------------------------------------
UpdateContainerChildrenV1
Worst Result: 	0.00036ms
Best Result: 	0.00001ms
----------------------------------------------------------------------------------------------------
----------------------------------------------------------------------------------------------------
UpdateContainerChildrenV1
Worst Result: 	0.00233ms
Best Result: 	0.00003ms
----------------------------------------------------------------------------------------------------
----------------------------------------------------------------------------------------------------
UpdateContainerChildrenV1
Worst Result: 	0.00067ms
Best Result: 	0.00001ms
----------------------------------------------------------------------------------------------------
----------------------------------------------------------------------------------------------------
UpdateContainerChildrenV1
Worst Result: 	0.00089ms
Best Result: 	0.00001ms
----------------------------------------------------------------------------------------------------
----------------------------------------------------------------------------------------------------
UpdateContainerChildrenV1
Worst Result: 	0.00071ms
Best Result: 	0.00001ms
----------------------------------------------------------------------------------------------------
----------------------------------------------------------------------------------------------------
UpdateContainerChildrenV1
Worst Result: 	0.00057ms
Best Result: 	0.00001ms
----------------------------------------------------------------------------------------------------
----------------------------------------------------------------------------------------------------
UpdateContainerChildrenV1
Worst Result: 	0.00058ms
Best Result: 	0.00001ms
----------------------------------------------------------------------------------------------------
----------------------------------------------------------------------------------------------------
UpdateContainerChildrenV1
Worst Result: 	0.00072ms
Best Result: 	0.00001ms
----------------------------------------------------------------------------------------------------
----------------------------------------------------------------------------------------------------
UpdateContainerChildrenV1
Worst Result: 	0.00062ms
Best Result: 	0.00001ms
----------------------------------------------------------------------------------------------------
----------------------------------------------------------------------------------------------------
UpdateContainerChildrenV1
Worst Result: 	0.00044ms
Best Result: 	0.00001ms
----------------------------------------------------------------------------------------------------
----------------------------------------------------------------------------------------------------
UpdateContainerChildrenV1
Worst Result: 	0.00191ms
Best Result: 	0.00003ms
----------------------------------------------------------------------------------------------------
----------------------------------------------------------------------------------------------------
UpdateContainerChildrenV1
Worst Result: 	0.00069ms
Best Result: 	0.00001ms
----------------------------------------------------------------------------------------------------
----------------------------------------------------------------------------------------------------
UpdateContainerChildrenV1
Worst Result: 	0.00055ms
Best Result: 	0.00001ms
----------------------------------------------------------------------------------------------------
----------------------------------------------------------------------------------------------------
UpdateContainerChildrenV1
Worst Result: 	0.00067ms
Best Result: 	0.00001ms
----------------------------------------------------------------------------------------------------
----------------------------------------------------------------------------------------------------
UpdateContainerChildrenV1
Worst Result: 	0.00061ms
Best Result: 	0.00001ms
----------------------------------------------------------------------------------------------------
----------------------------------------------------------------------------------------------------
UpdateContainerChildrenV1
Worst Result: 	0.00084ms
Best Result: 	0.00001ms
----------------------------------------------------------------------------------------------------
----------------------------------------------------------------------------------------------------
UpdateContainerChildrenV1
Worst Result: 	0.00062ms
Best Result: 	0.00001ms
----------------------------------------------------------------------------------------------------
----------------------------------------------------------------------------------------------------
UpdateContainerChildrenV1
Worst Result: 	0.00057ms
Best Result: 	0.00001ms
----------------------------------------------------------------------------------------------------
----------------------------------------------------------------------------------------------------
UpdateContainerChildrenV1
Worst Result: 	0.00050ms
Best Result: 	0.00001ms
----------------------------------------------------------------------------------------------------
----------------------------------------------------------------------------------------------------
UpdateContainerChildrenV1
Worst Result: 	0.00061ms
Best Result: 	0.00001ms
----------------------------------------------------------------------------------------------------
----------------------------------------------------------------------------------------------------
UpdateContainerChildrenV1
Worst Result: 	0.00055ms
Best Result: 	0.00001ms
----------------------------------------------------------------------------------------------------
----------------------------------------------------------------------------------------------------
UpdateContainerChildrenV1
Worst Result: 	0.00044ms
Best Result: 	0.00001ms
----------------------------------------------------------------------------------------------------
----------------------------------------------------------------------------------------------------
UpdateContainerChildrenV1
Worst Result: 	0.00049ms
Best Result: 	0.00001ms
----------------------------------------------------------------------------------------------------
----------------------------------------------------------------------------------------------------
UpdateContainerChildrenV1
Worst Result: 	0.00081ms
Best Result: 	0.00001ms
----------------------------------------------------------------------------------------------------
----------------------------------------------------------------------------------------------------
UpdateContainerChildrenV1
Worst Result: 	0.00044ms
Best Result: 	0.00001ms
----------------------------------------------------------------------------------------------------
----------------------------------------------------------------------------------------------------
UpdateContainerChildrenV1
Worst Result: 	0.00053ms
Best Result: 	0.00001ms
----------------------------------------------------------------------------------------------------
----------------------------------------------------------------------------------------------------
UpdateContainerChildrenV1
Worst Result: 	0.00058ms
Best Result: 	0.00001ms
----------------------------------------------------------------------------------------------------
----------------------------------------------------------------------------------------------------
UpdateContainerChildrenV1
Worst Result: 	0.00056ms
Best Result: 	0.00001ms
----------------------------------------------------------------------------------------------------
----------------------------------------------------------------------------------------------------
UpdateContainerChildrenV1
Worst Result: 	0.00048ms
Best Result: 	0.00001ms
----------------------------------------------------------------------------------------------------
----------------------------------------------------------------------------------------------------
UpdateContainerChildrenV1
Worst Result: 	0.00215ms
Best Result: 	0.00001ms
----------------------------------------------------------------------------------------------------
----------------------------------------------------------------------------------------------------
UpdateContainerChildrenV1
Worst Result: 	0.00034ms
Best Result: 	0.00001ms
----------------------------------------------------------------------------------------------------
----------------------------------------------------------------------------------------------------
UpdateContainerChildrenV1
Worst Result: 	0.00064ms
Best Result: 	0.00001ms
----------------------------------------------------------------------------------------------------
----------------------------------------------------------------------------------------------------
UpdateContainerChildrenV1
Worst Result: 	0.00026ms
Best Result: 	0.00001ms
----------------------------------------------------------------------------------------------------
----------------------------------------------------------------------------------------------------
UpdateContainerChildrenV1
Worst Result: 	0.00032ms
Best Result: 	0.00001ms
----------------------------------------------------------------------------------------------------
----------------------------------------------------------------------------------------------------
UpdateContainerChildrenV1
Worst Result: 	0.00025ms
Best Result: 	0.00001ms
----------------------------------------------------------------------------------------------------
----------------------------------------------------------------------------------------------------
UpdateContainerChildrenV1
Worst Result: 	0.00027ms
Best Result: 	0.00001ms
----------------------------------------------------------------------------------------------------
----------------------------------------------------------------------------------------------------
UpdateContainerChildrenV1
Worst Result: 	0.00020ms
Best Result: 	0.00001ms
----------------------------------------------------------------------------------------------------
----------------------------------------------------------------------------------------------------
UpdateContainerChildrenV1
Worst Result: 	0.00016ms
Best Result: 	0.00001ms
----------------------------------------------------------------------------------------------------
----------------------------------------------------------------------------------------------------
UpdateContainerChildrenV1
Worst Result: 	0.00025ms
Best Result: 	0.00001ms
----------------------------------------------------------------------------------------------------
----------------------------------------------------------------------------------------------------
UpdateContainerChildrenV1
Worst Result: 	0.00020ms
Best Result: 	0.00001ms
----------------------------------------------------------------------------------------------------
----------------------------------------------------------------------------------------------------
UpdateContainerChildrenV1
Worst Result: 	0.00045ms
Best Result: 	0.00001ms
----------------------------------------------------------------------------------------------------
